<?xml version="1.0" encoding="UTF-8"?>
<!-- Generated by org.testng.reporters.JUnitReportReporter -->
<testsuite skipped="0" hostname="rnimmana-mac" name="com.qa.testcases.HomePageTests" tests="2" failures="0" timestamp="24 Mar 2021 18:00:52 GMT" time="0.061" errors="0">
  <testcase name="seleniumEasyLogoTest" time="0.055" classname="com.qa.testcases.HomePageTests"/>
  <testcase name="homePageTitleTest" time="0.006" classname="com.qa.testcases.HomePageTests"/>
</testsuite> <!-- com.qa.testcases.HomePageTests -->
