<?xml version="1.0" encoding="UTF-8"?>
<!-- Generated by org.testng.reporters.JUnitReportReporter -->
<testsuite skipped="0" hostname="RamuNimmana-PC" name="com.qa.testcases.DatePickersPageTests" tests="2" failures="0" timestamp="24 May 2020 15:19:52 GMT" time="1.476" errors="0">
  <testcase name="datePickersPageTitleTest" time="1.381" classname="com.qa.testcases.DatePickersPageTests"/>
  <testcase name="seleniumEasyLogoTest" time="0.095" classname="com.qa.testcases.DatePickersPageTests"/>
</testsuite> <!-- com.qa.testcases.DatePickersPageTests -->
