<?xml version="1.0" encoding="UTF-8"?>
<!-- Generated by org.testng.reporters.JUnitReportReporter -->
<testsuite skipped="0" hostname="RamuNimmana-PC" name="com.qa.testcases.HomePageTests" tests="2" failures="0" timestamp="25 May 2020 04:44:33 GMT" time="0.263" errors="0">
  <testcase name="seleniumEasyLogoTest" time="0.230" classname="com.qa.testcases.HomePageTests"/>
  <testcase name="homePageTitleTest" time="0.033" classname="com.qa.testcases.HomePageTests"/>
</testsuite> <!-- com.qa.testcases.HomePageTests -->
